[debug] [2025-10-27T20:13:48.240Z] ----------------------------------------------------------------------
[debug] [2025-10-27T20:13:48.246Z] Command:       C:\Program Files\nodejs\node.exe C:\Program Files\nodejs\node_modules\firebase-tools\lib\bin\firebase.js init hosting
[debug] [2025-10-27T20:13:48.247Z] CLI Version:   14.20.0
[debug] [2025-10-27T20:13:48.248Z] Platform:      win32
[debug] [2025-10-27T20:13:48.248Z] Node Version:  v22.18.0
[debug] [2025-10-27T20:13:48.249Z] Time:          Tue Oct 28 2025 03:13:48 GMT+0700 (Western Indonesia Time)
[debug] [2025-10-27T20:13:48.249Z] ----------------------------------------------------------------------
[debug] 
[info] 
     ######## #### ########  ######## ########     ###     ######  ########
     ##        ##  ##     ## ##       ##     ##  ##   ##  ##       ##
     ######    ##  ########  ######   ########  #########  ######  ######
     ##        ##  ##    ##  ##       ##     ## ##     ##       ## ##
     ##       #### ##     ## ######## ########  ##     ##  ######  ########

You're about to initialize a Firebase project in this directory:

  D:\edan

Before we get started, keep in mind:

  * You are initializing within an existing Firebase project directory

[info] 
=== Project Setup
[info] 
[info] First, let's associate this project directory with a Firebase project.
[info] You can create multiple project aliases by running firebase use --add, 
[info] 
